#-----------------------------------------------------------
# Vivado v2022.2 (64-bit)
# SW Build 3671981 on Fri Oct 14 04:59:54 MDT 2022
# IP Build 3669848 on Fri Oct 14 08:30:02 MDT 2022
# Start of session at: Wed Jul 24 11:02:52 2024
# Process ID: 3166
# Current directory: /home/steeve/projects/65c02-soc
# Command line: vivado
# Log file: /home/steeve/projects/65c02-soc/vivado.log
# Journal file: /home/steeve/projects/65c02-soc/vivado.jou
# Running On: spock, OS: Linux, CPU Frequency: 3458.038 MHz, CPU Physical cores: 4, Host memory: 8317 MB
#-----------------------------------------------------------
start_gui
WARNING: [Board 49-26] cannot add Board Part digilentinc.com:arty-z7-10:part0:1.1 available at /home/steeve/Xilinx/Vivado/2022.2/data/boards/board_files/arty-z7-10/A.0/board.xml as part xc7z010clg400-1 specified in board_part file is either invalid or not available
WARNING: [Board 49-26] cannot add Board Part digilentinc.com:arty-z7-20:part0:1.1 available at /home/steeve/Xilinx/Vivado/2022.2/data/boards/board_files/arty-z7-20/A.0/board.xml as part xc7z020clg400-1 specified in board_part file is either invalid or not available
WARNING: [Board 49-26] cannot add Board Part digilentinc.com:cora-z7-07s:part0:1.1 available at /home/steeve/Xilinx/Vivado/2022.2/data/boards/board_files/cora-z7-07s/B.0/board.xml as part xc7z007sclg400-1 specified in board_part file is either invalid or not available
WARNING: [Board 49-26] cannot add Board Part digilentinc.com:cora-z7-10:part0:1.1 available at /home/steeve/Xilinx/Vivado/2022.2/data/boards/board_files/cora-z7-10/B.0/board.xml as part xc7z010clg400-1 specified in board_part file is either invalid or not available
WARNING: [Board 49-26] cannot add Board Part digilentinc.com:eclypse-z7:part0:1.0 available at /home/steeve/Xilinx/Vivado/2022.2/data/boards/board_files/eclypse-z7/A.0/board.xml as part xc7z020clg484-1 specified in board_part file is either invalid or not available
WARNING: [Board 49-26] cannot add Board Part digilentinc.com:eclypse-z7:part0:1.1 available at /home/steeve/Xilinx/Vivado/2022.2/data/boards/board_files/eclypse-z7/B.0/board.xml as part xc7z020clg484-1 specified in board_part file is either invalid or not available
WARNING: [Board 49-26] cannot add Board Part digilentinc.com:genesys2:part0:1.1 available at /home/steeve/Xilinx/Vivado/2022.2/data/boards/board_files/genesys2/H/board.xml as part xc7k325tffg900-2 specified in board_part file is either invalid or not available
WARNING: [Board 49-26] cannot add Board Part digilentinc.com:gzu_3eg:part0:1.0 available at /home/steeve/Xilinx/Vivado/2022.2/data/boards/board_files/genesys-zu-3eg/B.0/board.xml as part xczu3eg-sfvc784-1-e specified in board_part file is either invalid or not available
WARNING: [Board 49-26] cannot add Board Part digilentinc.com:gzu_3eg:part0:1.1 available at /home/steeve/Xilinx/Vivado/2022.2/data/boards/board_files/genesys-zu-3eg/D.0/board.xml as part xczu3eg-sfvc784-1-e specified in board_part file is either invalid or not available
WARNING: [Board 49-26] cannot add Board Part digilentinc.com:gzu_5ev:part0:1.1 available at /home/steeve/Xilinx/Vivado/2022.2/data/boards/board_files/genesys-zu-5ev/C.0/board.xml as part xczu5ev-sfvc784-1-e specified in board_part file is either invalid or not available
WARNING: [Board 49-26] cannot add Board Part digilentinc.com:sword:part0:1.0 available at /home/steeve/Xilinx/Vivado/2022.2/data/boards/board_files/sword/C.0/board.xml as part xc7k325tffg900-2 specified in board_part file is either invalid or not available
WARNING: [Board 49-26] cannot add Board Part digilentinc.com:zedboard:part0:1.1 available at /home/steeve/Xilinx/Vivado/2022.2/data/boards/board_files/zedboard/1.3/board.xml as part xc7z020clg484-1 specified in board_part file is either invalid or not available
WARNING: [Board 49-26] cannot add Board Part digilentinc.com:zybo-z7-10:part0:1.1 available at /home/steeve/Xilinx/Vivado/2022.2/data/boards/board_files/zybo-z7-10/A.0/board.xml as part xc7z010clg400-1 specified in board_part file is either invalid or not available
WARNING: [Board 49-26] cannot add Board Part digilentinc.com:zybo-z7-20:part0:1.1 available at /home/steeve/Xilinx/Vivado/2022.2/data/boards/board_files/zybo-z7-20/A.0/board.xml as part xc7z020clg400-1 specified in board_part file is either invalid or not available
WARNING: [Board 49-26] cannot add Board Part digilentinc.com:zybo:part0:1.0 available at /home/steeve/Xilinx/Vivado/2022.2/data/boards/board_files/zybo/B.3/board.xml as part xc7z010clg400-1 specified in board_part file is either invalid or not available
WARNING: [Board 49-26] cannot add Board Part digilentinc.com:zybo:part0:2.0 available at /home/steeve/Xilinx/Vivado/2022.2/data/boards/board_files/zybo/B.4/board.xml as part xc7z010clg400-1 specified in board_part file is either invalid or not available
WARNING: [Board 49-26] cannot add Board Part xilinx.com:k26c:part0:1.2 available at /home/steeve/Xilinx/Vivado/2022.2/data/xhub/boards/XilinxBoardStore/boards/Xilinx/k26c/1.2/board.xml as part xck26-sfvc784-2lv-c specified in board_part file is either invalid or not available
WARNING: [Board 49-26] cannot add Board Part xilinx.com:k26c:part0:1.3 available at /home/steeve/Xilinx/Vivado/2022.2/data/xhub/boards/XilinxBoardStore/boards/Xilinx/k26c/1.3/board.xml as part xck26-sfvc784-2lv-c specified in board_part file is either invalid or not available
WARNING: [Board 49-26] cannot add Board Part xilinx.com:k26c:part0:1.4 available at /home/steeve/Xilinx/Vivado/2022.2/data/xhub/boards/XilinxBoardStore/boards/Xilinx/k26c/1.4/board.xml as part xck26-sfvc784-2lv-c specified in board_part file is either invalid or not available
WARNING: [Board 49-26] cannot add Board Part xilinx.com:k26i:part0:1.2 available at /home/steeve/Xilinx/Vivado/2022.2/data/xhub/boards/XilinxBoardStore/boards/Xilinx/k26i/1.2/board.xml as part xck26-sfvc784-2lvi-i specified in board_part file is either invalid or not available
WARNING: [Board 49-26] cannot add Board Part xilinx.com:k26i:part0:1.3 available at /home/steeve/Xilinx/Vivado/2022.2/data/xhub/boards/XilinxBoardStore/boards/Xilinx/k26i/1.3/board.xml as part xck26-sfvc784-2lvi-i specified in board_part file is either invalid or not available
WARNING: [Board 49-26] cannot add Board Part xilinx.com:k26i:part0:1.4 available at /home/steeve/Xilinx/Vivado/2022.2/data/xhub/boards/XilinxBoardStore/boards/Xilinx/k26i/1.4/board.xml as part xck26-sfvc784-2lvi-i specified in board_part file is either invalid or not available
WARNING: [Board 49-26] cannot add Board Part xilinx.com:kc705:part0:1.6 available at /home/steeve/Xilinx/Vivado/2022.2/data/xhub/boards/XilinxBoardStore/boards/Xilinx/kc705/1.6/board.xml as part xc7k325tffg900-2 specified in board_part file is either invalid or not available
WARNING: [Board 49-26] cannot add Board Part xilinx.com:kcu105:part0:1.6 available at /home/steeve/Xilinx/Vivado/2022.2/data/xhub/boards/XilinxBoardStore/boards/Xilinx/kcu105/1.6/board.xml as part xcku040-ffva1156-2-e specified in board_part file is either invalid or not available
WARNING: [Board 49-26] cannot add Board Part xilinx.com:kcu105:part0:1.7 available at /home/steeve/Xilinx/Vivado/2022.2/data/xhub/boards/XilinxBoardStore/boards/Xilinx/kcu105/1.7/board.xml as part xcku040-ffva1156-2-e specified in board_part file is either invalid or not available
WARNING: [Board 49-26] cannot add Board Part xilinx.com:kcu116:part0:1.4 available at /home/steeve/Xilinx/Vivado/2022.2/data/xhub/boards/XilinxBoardStore/boards/Xilinx/kcu116/1.4/board.xml as part xcku5p-ffvb676-2-e specified in board_part file is either invalid or not available
WARNING: [Board 49-26] cannot add Board Part xilinx.com:kcu116:part0:1.5 available at /home/steeve/Xilinx/Vivado/2022.2/data/xhub/boards/XilinxBoardStore/boards/Xilinx/kcu116/1.5/board.xml as part xcku5p-ffvb676-2-e specified in board_part file is either invalid or not available
WARNING: [Board 49-26] cannot add Board Part xilinx.com:kcu1500:part0:1.2 available at /home/steeve/Xilinx/Vivado/2022.2/data/xhub/boards/XilinxBoardStore/boards/Xilinx/kcu1500/1.2/board.xml as part xcku115-flvb2104-2-e specified in board_part file is either invalid or not available
WARNING: [Board 49-26] cannot add Board Part xilinx.com:kr260_som:part0:1.0 available at /home/steeve/Xilinx/Vivado/2022.2/data/xhub/boards/XilinxBoardStore/boards/Xilinx/kr260_som/1.0/board.xml as part xck26-sfvc784-2lv-c specified in board_part file is either invalid or not available
WARNING: [Board 49-26] cannot add Board Part xilinx.com:kr260_som:part0:1.1 available at /home/steeve/Xilinx/Vivado/2022.2/data/xhub/boards/XilinxBoardStore/boards/Xilinx/kr260_som/1.1/board.xml as part xck26-sfvc784-2lv-c specified in board_part file is either invalid or not available
WARNING: [Board 49-26] cannot add Board Part xilinx.com:kv260_som:part0:1.2 available at /home/steeve/Xilinx/Vivado/2022.2/data/xhub/boards/XilinxBoardStore/boards/Xilinx/kv260_som/1.2/board.xml as part xck26-sfvc784-2lv-c specified in board_part file is either invalid or not available
WARNING: [Board 49-26] cannot add Board Part xilinx.com:kv260_som:part0:1.3 available at /home/steeve/Xilinx/Vivado/2022.2/data/xhub/boards/XilinxBoardStore/boards/Xilinx/kv260_som/1.3/board.xml as part xck26-sfvc784-2lv-c specified in board_part file is either invalid or not available
WARNING: [Board 49-26] cannot add Board Part xilinx.com:kv260_som:part0:1.4 available at /home/steeve/Xilinx/Vivado/2022.2/data/xhub/boards/XilinxBoardStore/boards/Xilinx/kv260_som/1.4/board.xml as part xck26-sfvc784-2lv-c specified in board_part file is either invalid or not available
WARNING: [Board 49-26] cannot add Board Part xilinx.com:vc707:part0:1.4 available at /home/steeve/Xilinx/Vivado/2022.2/data/xhub/boards/XilinxBoardStore/boards/Xilinx/vc707/1.4/board.xml as part xc7vx485tffg1761-2 specified in board_part file is either invalid or not available
WARNING: [Board 49-26] cannot add Board Part xilinx.com:vc709:part0:1.8 available at /home/steeve/Xilinx/Vivado/2022.2/data/xhub/boards/XilinxBoardStore/boards/Xilinx/vc709/1.8/board.xml as part xc7vx690tffg1761-2 specified in board_part file is either invalid or not available
WARNING: [Board 49-26] cannot add Board Part xilinx.com:vck190:part0:2.2 available at /home/steeve/Xilinx/Vivado/2022.2/data/xhub/boards/XilinxBoardStore/boards/Xilinx/vck190/production/2.2/board.xml as part xcvc1902-vsva2197-2mp-e-s specified in board_part file is either invalid or not available
WARNING: [Board 49-26] cannot add Board Part xilinx.com:vck190:part0:3.0 available at /home/steeve/Xilinx/Vivado/2022.2/data/xhub/boards/XilinxBoardStore/boards/Xilinx/vck190/production/3.0/board.xml as part xcvc1902-vsva2197-2mp-e-s specified in board_part file is either invalid or not available
WARNING: [Board 49-26] cannot add Board Part xilinx.com:vck190:part0:3.1 available at /home/steeve/Xilinx/Vivado/2022.2/data/xhub/boards/XilinxBoardStore/boards/Xilinx/vck190/production/3.1/board.xml as part xcvc1902-vsva2197-2mp-e-s specified in board_part file is either invalid or not available
WARNING: [Board 49-26] cannot add Board Part xilinx.com:vck190_newl:part0:1.0 available at /home/steeve/Xilinx/Vivado/2022.2/data/xhub/boards/XilinxBoardStore/boards/Xilinx/vck190_newl/production/1.0/board.xml as part xcvc1902-vsva2197-2mp-e-s specified in board_part file is either invalid or not available
WARNING: [Board 49-26] cannot add Board Part xilinx.com:vcu108:part0:1.6 available at /home/steeve/Xilinx/Vivado/2022.2/data/xhub/boards/XilinxBoardStore/boards/Xilinx/vcu108/1.6/board.xml as part xcvu095-ffva2104-2-e specified in board_part file is either invalid or not available
WARNING: [Board 49-26] cannot add Board Part xilinx.com:vcu108:part0:1.7 available at /home/steeve/Xilinx/Vivado/2022.2/data/xhub/boards/XilinxBoardStore/boards/Xilinx/vcu108/1.7/board.xml as part xcvu095-ffva2104-2-e specified in board_part file is either invalid or not available
WARNING: [Board 49-26] cannot add Board Part xilinx.com:vcu110:part0:1.4 available at /home/steeve/Xilinx/Vivado/2022.2/data/xhub/boards/XilinxBoardStore/boards/Xilinx/vcu110/1.4/board.xml as part xcvu190-flgc2104-2-e specified in board_part file is either invalid or not available
WARNING: [Board 49-26] cannot add Board Part xilinx.com:vcu118:part0:2.0 available at /home/steeve/Xilinx/Vivado/2022.2/data/xhub/boards/XilinxBoardStore/boards/Xilinx/vcu118/2.0/board.xml as part xcvu9p-flga2104-2l-e specified in board_part file is either invalid or not available
WARNING: [Board 49-26] cannot add Board Part xilinx.com:vcu118:part0:2.3 available at /home/steeve/Xilinx/Vivado/2022.2/data/xhub/boards/XilinxBoardStore/boards/Xilinx/vcu118/2.3/board.xml as part xcvu9p-flga2104-2l-e specified in board_part file is either invalid or not available
WARNING: [Board 49-26] cannot add Board Part xilinx.com:vcu118:part0:2.4 available at /home/steeve/Xilinx/Vivado/2022.2/data/xhub/boards/XilinxBoardStore/boards/Xilinx/vcu118/2.4/board.xml as part xcvu9p-flga2104-2l-e specified in board_part file is either invalid or not available
WARNING: [Board 49-26] cannot add Board Part xilinx.com:vcu128:part0:1.0 available at /home/steeve/Xilinx/Vivado/2022.2/data/xhub/boards/XilinxBoardStore/boards/Xilinx/vcu128/production/1.0/board.xml as part xcvu37p-fsvh2892-2l-e specified in board_part file is either invalid or not available
WARNING: [Board 49-26] cannot add Board Part xilinx.com:vcu129:part0:1.0 available at /home/steeve/Xilinx/Vivado/2022.2/data/xhub/boards/XilinxBoardStore/boards/Xilinx/vcu129/production/1.0/board.xml as part xcvu29p-fsga2577-2l-e specified in board_part file is either invalid or not available
WARNING: [Board 49-26] cannot add Board Part xilinx.com:vcu1525:part0:1.3 available at /home/steeve/Xilinx/Vivado/2022.2/data/xhub/boards/XilinxBoardStore/boards/Xilinx/vcu1525/1.3/board.xml as part xcvu9p-fsgd2104-2l-e specified in board_part file is either invalid or not available
WARNING: [Board 49-26] cannot add Board Part xilinx.com:vek280_es:part0:1.0 available at /home/steeve/Xilinx/Vivado/2022.2/data/xhub/boards/XilinxBoardStore/boards/Xilinx/vek280/es/1.0/board.xml as part xcve2802-vsvh1760-2lp-e-s-es1 specified in board_part file is either invalid or not available
WARNING: [Board 49-26] cannot add Board Part xilinx.com:vermeo_t1_mpsoc:part0:1.0 available at /home/steeve/Xilinx/Vivado/2022.2/data/xhub/boards/XilinxBoardStore/boards/Xilinx/vermeo_t1_mpsoc/1.0/board.xml as part xczu19eg-ffvd1760-2l-e specified in board_part file is either invalid or not available
WARNING: [Board 49-26] cannot add Board Part xilinx.com:vermeo_t1_rfsoc:part0:1.0 available at /home/steeve/Xilinx/Vivado/2022.2/data/xhub/boards/XilinxBoardStore/boards/Xilinx/vermeo_t1_rfsoc/1.0/board.xml as part xczu21dr-ffvd1156-2l-e specified in board_part file is either invalid or not available
WARNING: [Board 49-26] cannot add Board Part xilinx.com:vhk158_es:part0:1.0 available at /home/steeve/Xilinx/Vivado/2022.2/data/xhub/boards/XilinxBoardStore/boards/Xilinx/vhk158/es/1.0/board.xml as part xcvh1582-vsva3697-2mp-e-s-es1 specified in board_part file is either invalid or not available
WARNING: [Board 49-26] cannot add Board Part xilinx.com:vmk180:part0:2.2 available at /home/steeve/Xilinx/Vivado/2022.2/data/xhub/boards/XilinxBoardStore/boards/Xilinx/vmk180/production/2.2/board.xml as part xcvm1802-vsva2197-2mp-e-s specified in board_part file is either invalid or not available
WARNING: [Board 49-26] cannot add Board Part xilinx.com:vmk180:part0:3.0 available at /home/steeve/Xilinx/Vivado/2022.2/data/xhub/boards/XilinxBoardStore/boards/Xilinx/vmk180/production/3.0/board.xml as part xcvm1802-vsva2197-2mp-e-s specified in board_part file is either invalid or not available
WARNING: [Board 49-26] cannot add Board Part xilinx.com:vmk180:part0:3.1 available at /home/steeve/Xilinx/Vivado/2022.2/data/xhub/boards/XilinxBoardStore/boards/Xilinx/vmk180/production/3.1/board.xml as part xcvm1802-vsva2197-2mp-e-s specified in board_part file is either invalid or not available
WARNING: [Board 49-26] cannot add Board Part xilinx.com:vmk180_newl:part0:1.0 available at /home/steeve/Xilinx/Vivado/2022.2/data/xhub/boards/XilinxBoardStore/boards/Xilinx/vmk180_newl/production/1.0/board.xml as part xcvm1802-vsva2197-2mp-e-s specified in board_part file is either invalid or not available
WARNING: [Board 49-26] cannot add Board Part xilinx.com:vpk120:part0:1.0 available at /home/steeve/Xilinx/Vivado/2022.2/data/xhub/boards/XilinxBoardStore/boards/Xilinx/vpk120/production/1.0/board.xml as part xcvp1202-vsva2785-2mp-e-s specified in board_part file is either invalid or not available
WARNING: [Board 49-26] cannot add Board Part xilinx.com:vpk120_es:part0:1.2 available at /home/steeve/Xilinx/Vivado/2022.2/data/xhub/boards/XilinxBoardStore/boards/Xilinx/vpk120/es/1.2/board.xml as part xcvp1202-vsva2785-2mp-e-s-es1 specified in board_part file is either invalid or not available
WARNING: [Board 49-26] cannot add Board Part xilinx.com:vpk120_es_revb:part0:1.0 available at /home/steeve/Xilinx/Vivado/2022.2/data/xhub/boards/XilinxBoardStore/boards/Xilinx/vpk120_revb/es/1.0/board.xml as part xcvp1202-vsva2785-2mp-e-s-es1 specified in board_part file is either invalid or not available
WARNING: [Board 49-26] cannot add Board Part xilinx.com:vpk180_es:part0:1.0 available at /home/steeve/Xilinx/Vivado/2022.2/data/xhub/boards/XilinxBoardStore/boards/Xilinx/vpk180/es/1.0/board.xml as part xcvp1802-lsvc4072-2mp-e-s-es1 specified in board_part file is either invalid or not available
WARNING: [Board 49-26] cannot add Board Part xilinx.com:zc702:part0:1.4 available at /home/steeve/Xilinx/Vivado/2022.2/data/xhub/boards/XilinxBoardStore/boards/Xilinx/zc702/1.4/board.xml as part xc7z020clg484-1 specified in board_part file is either invalid or not available
WARNING: [Board 49-26] cannot add Board Part xilinx.com:zc706:part0:1.4 available at /home/steeve/Xilinx/Vivado/2022.2/data/xhub/boards/XilinxBoardStore/boards/Xilinx/zc706/1.4/board.xml as part xc7z045ffg900-2 specified in board_part file is either invalid or not available
WARNING: [Board 49-26] cannot add Board Part xilinx.com:zcu102:part0:3.3 available at /home/steeve/Xilinx/Vivado/2022.2/data/xhub/boards/XilinxBoardStore/boards/Xilinx/zcu102/3.3/board.xml as part xczu9eg-ffvb1156-2-e specified in board_part file is either invalid or not available
WARNING: [Board 49-26] cannot add Board Part xilinx.com:zcu102:part0:3.4 available at /home/steeve/Xilinx/Vivado/2022.2/data/xhub/boards/XilinxBoardStore/boards/Xilinx/zcu102/3.4/board.xml as part xczu9eg-ffvb1156-2-e specified in board_part file is either invalid or not available
WARNING: [Board 49-26] cannot add Board Part xilinx.com:zcu104:part0:1.1 available at /home/steeve/Xilinx/Vivado/2022.2/data/xhub/boards/XilinxBoardStore/boards/Xilinx/zcu104/1.1/board.xml as part xczu7ev-ffvc1156-2-e specified in board_part file is either invalid or not available
WARNING: [Board 49-26] cannot add Board Part xilinx.com:zcu106:part0:2.4 available at /home/steeve/Xilinx/Vivado/2022.2/data/xhub/boards/XilinxBoardStore/boards/Xilinx/zcu106/2.4/board.xml as part xczu7ev-ffvc1156-2-e specified in board_part file is either invalid or not available
WARNING: [Board 49-26] cannot add Board Part xilinx.com:zcu106:part0:2.5 available at /home/steeve/Xilinx/Vivado/2022.2/data/xhub/boards/XilinxBoardStore/boards/Xilinx/zcu106/2.5/board.xml as part xczu7ev-ffvc1156-2-e specified in board_part file is either invalid or not available
WARNING: [Board 49-26] cannot add Board Part xilinx.com:zcu106:part0:2.6 available at /home/steeve/Xilinx/Vivado/2022.2/data/xhub/boards/XilinxBoardStore/boards/Xilinx/zcu106/2.6/board.xml as part xczu7ev-ffvc1156-2-e specified in board_part file is either invalid or not available
WARNING: [Board 49-26] cannot add Board Part xilinx.com:zcu111:part0:1.2 available at /home/steeve/Xilinx/Vivado/2022.2/data/xhub/boards/XilinxBoardStore/boards/Xilinx/zcu111/1.2/board.xml as part xczu28dr-ffvg1517-2-e specified in board_part file is either invalid or not available
WARNING: [Board 49-26] cannot add Board Part xilinx.com:zcu111:part0:1.3 available at /home/steeve/Xilinx/Vivado/2022.2/data/xhub/boards/XilinxBoardStore/boards/Xilinx/zcu111/1.3/board.xml as part xczu28dr-ffvg1517-2-e specified in board_part file is either invalid or not available
WARNING: [Board 49-26] cannot add Board Part xilinx.com:zcu111:part0:1.4 available at /home/steeve/Xilinx/Vivado/2022.2/data/xhub/boards/XilinxBoardStore/boards/Xilinx/zcu111/1.4/board.xml as part xczu28dr-ffvg1517-2-e specified in board_part file is either invalid or not available
WARNING: [Board 49-26] cannot add Board Part xilinx.com:zcu1275:part0:1.0 available at /home/steeve/Xilinx/Vivado/2022.2/data/xhub/boards/XilinxBoardStore/boards/Xilinx/zcu1275/1.0/board.xml as part xczu29dr-ffvf1760-2-e specified in board_part file is either invalid or not available
WARNING: [Board 49-26] cannot add Board Part xilinx.com:zcu1285:part0:1.0 available at /home/steeve/Xilinx/Vivado/2022.2/data/xhub/boards/XilinxBoardStore/boards/Xilinx/zcu1285/1.0/board.xml as part xczu39dr-ffvf1760-2-i specified in board_part file is either invalid or not available
WARNING: [Board 49-26] cannot add Board Part xilinx.com:zcu208:part0:2.0 available at /home/steeve/Xilinx/Vivado/2022.2/data/xhub/boards/XilinxBoardStore/boards/Xilinx/zcu208/production/2.0/board.xml as part xczu48dr-fsvg1517-2-e specified in board_part file is either invalid or not available
WARNING: [Board 49-26] cannot add Board Part xilinx.com:zcu208ld:part0:2.0 available at /home/steeve/Xilinx/Vivado/2022.2/data/xhub/boards/XilinxBoardStore/boards/Xilinx/zcu208ld/production/2.0/board.xml as part xczu58dr-fsvg1517-2-i specified in board_part file is either invalid or not available
WARNING: [Board 49-26] cannot add Board Part xilinx.com:zcu216:part0:2.0 available at /home/steeve/Xilinx/Vivado/2022.2/data/xhub/boards/XilinxBoardStore/boards/Xilinx/zcu216/production/2.0/board.xml as part xczu49dr-ffvf1760-2-e specified in board_part file is either invalid or not available
WARNING: [Board 49-26] cannot add Board Part xilinx.com:zcu216ld:part0:2.0 available at /home/steeve/Xilinx/Vivado/2022.2/data/xhub/boards/XilinxBoardStore/boards/Xilinx/zcu216ld/production/2.0/board.xml as part xczu59dr-ffvf1760-2-i specified in board_part file is either invalid or not available
WARNING: [Board 49-26] cannot add Board Part xilinx.com:zcu670:part0:2.0 available at /home/steeve/Xilinx/Vivado/2022.2/data/xhub/boards/XilinxBoardStore/boards/Xilinx/zcu670/2.0/board.xml as part xczu67dr-fsve1156-2-i specified in board_part file is either invalid or not available
WARNING: [Board 49-26] cannot add Board Part xilinx.com:zcu670ld:part0:1.0 available at /home/steeve/Xilinx/Vivado/2022.2/data/xhub/boards/XilinxBoardStore/boards/Xilinx/zcu670ld/1.0/board.xml as part xczu57dr-fsve1156-2-i specified in board_part file is either invalid or not available
open_project /home/steeve/projects/65c02-soc/vivado/65c02-soc.xpr
Scanning sources...
Finished scanning sources
INFO: [IP_Flow 19-234] Refreshing IP repositories
INFO: [IP_Flow 19-1704] No user IP repositories specified
INFO: [IP_Flow 19-2313] Loaded Vivado IP repository '/home/steeve/Xilinx/Vivado/2022.2/data/ip'.
open_project: Time (s): cpu = 00:00:16 ; elapsed = 00:00:07 . Memory (MB): peak = 6427.965 ; gain = 126.469 ; free physical = 4340 ; free virtual = 10019
update_compile_order -fileset sources_1
load_feature simulator
open_wave_database {/home/steeve/projects/65c02-soc/vivado/65c02-soc.sim/sim_hello/behav/xsim/cpu_hello_tb_behav.wdb}
launch_simulation -simset [get_filesets sim_hello ]
Command: launch_simulation  -simset sim_hello
INFO: [Vivado 12-12493] Simulation top is 'cpu_hello_tb'
INFO: [Vivado 12-12490] The selected simulation model for 'clk_wiz_0' IP changed to 'rtl' from '', the simulation run directory will be deleted.
WARNING: [Vivado 12-13277] Compiled library path does not exist: ''
INFO: [Vivado 12-5698] Checking validity of IPs in the design for the 'XSim' simulator...
INFO: [Vivado 12-5682] Launching behavioral simulation in '/home/steeve/projects/65c02-soc/vivado/65c02-soc.sim/sim_hello/behav/xsim'
INFO: [Vivado 12-4795] Using compiled simulation libraries for IPs
INFO: [SIM-utils-51] Simulation object is 'sim_hello'
INFO: [SIM-utils-72] Using boost library from '/home/steeve/Xilinx/Vivado/2022.2/tps/boost_1_72_0'
INFO: [USF-XSim-7] Finding pre-compiled libraries...
INFO: [USF-XSim-11] File '/home/steeve/Xilinx/Vivado/2022.2/data/xsim/xsim.ini' copied to run dir:'/home/steeve/projects/65c02-soc/vivado/65c02-soc.sim/sim_hello/behav/xsim'
INFO: [SIM-utils-54] Inspecting design source files for 'cpu_hello_tb' in fileset 'sim_hello'...
INFO: [SIM-utils-43] Exported '/home/steeve/projects/65c02-soc/vivado/65c02-soc.sim/sim_hello/behav/xsim/hello.mem'
INFO: [SIM-utils-43] Exported '/home/steeve/projects/65c02-soc/vivado/65c02-soc.sim/sim_hello/behav/xsim/microcode.data'
INFO: [USF-XSim-97] Finding global include files...
INFO: [USF-XSim-98] Fetching design files from 'sim_hello'...
INFO: [USF-XSim-2] XSim::Compile design
INFO: [USF-XSim-61] Executing 'COMPILE and ANALYZE' step in '/home/steeve/projects/65c02-soc/vivado/65c02-soc.sim/sim_hello/behav/xsim'
xvlog --incr --relax -L uvm -prj cpu_hello_tb_vlog.prj
INFO: [VRFC 10-2263] Analyzing Verilog file "/home/steeve/projects/65c02-soc/src/hdl/65c02-generic/abh.v" into library xil_defaultlib
INFO: [VRFC 10-311] analyzing module abh
INFO: [VRFC 10-2263] Analyzing Verilog file "/home/steeve/projects/65c02-soc/src/hdl/65c02-generic/abl.v" into library xil_defaultlib
INFO: [VRFC 10-311] analyzing module abl
INFO: [VRFC 10-2263] Analyzing Verilog file "/home/steeve/projects/65c02-soc/src/hdl/65c02-generic/alu.v" into library xil_defaultlib
INFO: [VRFC 10-311] analyzing module alu
INFO: [VRFC 10-2263] Analyzing Verilog file "/home/steeve/projects/65c02-soc/src/hdl/65c02-generic/cpu.v" into library xil_defaultlib
INFO: [VRFC 10-311] analyzing module cpu
INFO: [VRFC 10-2263] Analyzing Verilog file "/home/steeve/projects/65c02-soc/src/hdl/65c02-generic/ctl.v" into library xil_defaultlib
INFO: [VRFC 10-311] analyzing module ctl
INFO: [VRFC 10-2263] Analyzing Verilog file "/home/steeve/projects/65c02-soc/src/hdl/65c02-generic/microcode.v" into library xil_defaultlib
INFO: [VRFC 10-311] analyzing module microcode
INFO: [VRFC 10-2263] Analyzing Verilog file "/home/steeve/projects/65c02-soc/src/hdl/ram.v" into library xil_defaultlib
INFO: [VRFC 10-311] analyzing module ram
INFO: [VRFC 10-2263] Analyzing Verilog file "/home/steeve/projects/65c02-soc/src/hdl/65c02-generic/regfile.v" into library xil_defaultlib
INFO: [VRFC 10-311] analyzing module regfile
INFO: [VRFC 10-2263] Analyzing Verilog file "/home/steeve/projects/65c02-soc/src/hdl/rom.v" into library xil_defaultlib
INFO: [VRFC 10-311] analyzing module rom
INFO: [VRFC 10-2263] Analyzing Verilog file "/home/steeve/projects/65c02-soc/src/hdl/top.v" into library xil_defaultlib
INFO: [VRFC 10-311] analyzing module top
INFO: [VRFC 10-2263] Analyzing Verilog file "/home/steeve/projects/65c02-soc/src/hdl/via.v" into library xil_defaultlib
INFO: [VRFC 10-311] analyzing module via
INFO: [VRFC 10-2263] Analyzing SystemVerilog file "/home/steeve/projects/65c02-soc/src/hdl/mmio_controller.sv" into library xil_defaultlib
INFO: [VRFC 10-311] analyzing module mmio_controller
INFO: [VRFC 10-2263] Analyzing SystemVerilog file "/home/steeve/projects/65c02-soc/src/test/cpu_hello_tb.sv" into library xil_defaultlib
INFO: [VRFC 10-311] analyzing module cpu_hello_tb
INFO: [VRFC 10-2263] Analyzing Verilog file "/home/steeve/projects/65c02-soc/vivado/65c02-soc.sim/sim_hello/behav/xsim/glbl.v" into library xil_defaultlib
INFO: [VRFC 10-311] analyzing module glbl
Waiting for jobs to finish...
No pending jobs, compilation finished.
INFO: [USF-XSim-69] 'compile' step finished in '4' seconds
INFO: [USF-XSim-3] XSim::Elaborate design
INFO: [USF-XSim-61] Executing 'ELABORATE' step in '/home/steeve/projects/65c02-soc/vivado/65c02-soc.sim/sim_hello/behav/xsim'
xelab --incr --debug typical --relax --mt 8 -L xil_defaultlib -L uvm -L unisims_ver -L unimacro_ver -L secureip -L xpm --snapshot cpu_hello_tb_behav xil_defaultlib.cpu_hello_tb xil_defaultlib.glbl -log elaborate.log
Vivado Simulator v2022.2
Copyright 1986-1999, 2001-2022 Xilinx, Inc. All Rights Reserved.
Running: /home/steeve/Xilinx/Vivado/2022.2/bin/unwrapped/lnx64.o/xelab --incr --debug typical --relax --mt 8 -L xil_defaultlib -L uvm -L unisims_ver -L unimacro_ver -L secureip -L xpm --snapshot cpu_hello_tb_behav xil_defaultlib.cpu_hello_tb xil_defaultlib.glbl -log elaborate.log 
Using 8 slave threads.
Starting static elaboration
Pass Through NonSizing Optimizer
Completed static elaboration
Starting simulation data flow analysis
WARNING: [XSIM 43-4099] "/home/steeve/projects/65c02-soc/src/hdl/top.v" Line 1. Module top doesn't have a timescale but at least one module in design has a timescale.
WARNING: [XSIM 43-4099] "/home/steeve/projects/65c02-soc/src/hdl/65c02-generic/cpu.v" Line 8. Module cpu doesn't have a timescale but at least one module in design has a timescale.
WARNING: [XSIM 43-4099] "/home/steeve/projects/65c02-soc/src/hdl/65c02-generic/regfile.v" Line 6. Module regfile doesn't have a timescale but at least one module in design has a timescale.
WARNING: [XSIM 43-4099] "/home/steeve/projects/65c02-soc/src/hdl/65c02-generic/abl.v" Line 8. Module abl doesn't have a timescale but at least one module in design has a timescale.
WARNING: [XSIM 43-4099] "/home/steeve/projects/65c02-soc/src/hdl/65c02-generic/abh.v" Line 6. Module abh doesn't have a timescale but at least one module in design has a timescale.
WARNING: [XSIM 43-4099] "/home/steeve/projects/65c02-soc/src/hdl/65c02-generic/alu.v" Line 11. Module alu doesn't have a timescale but at least one module in design has a timescale.
WARNING: [XSIM 43-4099] "/home/steeve/projects/65c02-soc/src/hdl/65c02-generic/ctl.v" Line 38. Module ctl doesn't have a timescale but at least one module in design has a timescale.
WARNING: [XSIM 43-4099] "/home/steeve/projects/65c02-soc/src/hdl/65c02-generic/microcode.v" Line 1. Module microcode doesn't have a timescale but at least one module in design has a timescale.
WARNING: [XSIM 43-4099] "/home/steeve/projects/65c02-soc/src/hdl/rom.v" Line 1. Module rom doesn't have a timescale but at least one module in design has a timescale.
WARNING: [XSIM 43-4099] "/home/steeve/projects/65c02-soc/src/hdl/ram.v" Line 1. Module ram doesn't have a timescale but at least one module in design has a timescale.
WARNING: [XSIM 43-4099] "/home/steeve/projects/65c02-soc/src/hdl/mmio_controller.sv" Line 4. Module mmio_controller doesn't have a timescale but at least one module in design has a timescale.
WARNING: [XSIM 43-4099] "/home/steeve/projects/65c02-soc/src/hdl/via.v" Line 1. Module via doesn't have a timescale but at least one module in design has a timescale.
WARNING: [XSIM 43-4099] "/home/steeve/projects/65c02-soc/src/hdl/top.v" Line 1. Module top doesn't have a timescale but at least one module in design has a timescale.
WARNING: [XSIM 43-4099] "/home/steeve/projects/65c02-soc/src/hdl/65c02-generic/cpu.v" Line 8. Module cpu doesn't have a timescale but at least one module in design has a timescale.
WARNING: [XSIM 43-4099] "/home/steeve/projects/65c02-soc/src/hdl/65c02-generic/regfile.v" Line 6. Module regfile doesn't have a timescale but at least one module in design has a timescale.
WARNING: [XSIM 43-4099] "/home/steeve/projects/65c02-soc/src/hdl/65c02-generic/abl.v" Line 8. Module abl doesn't have a timescale but at least one module in design has a timescale.
WARNING: [XSIM 43-4099] "/home/steeve/projects/65c02-soc/src/hdl/65c02-generic/abh.v" Line 6. Module abh doesn't have a timescale but at least one module in design has a timescale.
WARNING: [XSIM 43-4099] "/home/steeve/projects/65c02-soc/src/hdl/65c02-generic/alu.v" Line 11. Module alu doesn't have a timescale but at least one module in design has a timescale.
WARNING: [XSIM 43-4099] "/home/steeve/projects/65c02-soc/src/hdl/65c02-generic/ctl.v" Line 38. Module ctl doesn't have a timescale but at least one module in design has a timescale.
WARNING: [XSIM 43-4099] "/home/steeve/projects/65c02-soc/src/hdl/65c02-generic/microcode.v" Line 1. Module microcode doesn't have a timescale but at least one module in design has a timescale.
WARNING: [XSIM 43-4099] "/home/steeve/projects/65c02-soc/src/hdl/rom.v" Line 1. Module rom doesn't have a timescale but at least one module in design has a timescale.
WARNING: [XSIM 43-4099] "/home/steeve/projects/65c02-soc/src/hdl/ram.v" Line 1. Module ram doesn't have a timescale but at least one module in design has a timescale.
WARNING: [XSIM 43-4099] "/home/steeve/projects/65c02-soc/src/hdl/mmio_controller.sv" Line 4. Module mmio_controller doesn't have a timescale but at least one module in design has a timescale.
WARNING: [XSIM 43-4099] "/home/steeve/projects/65c02-soc/src/hdl/via.v" Line 1. Module via doesn't have a timescale but at least one module in design has a timescale.
Completed simulation data flow analysis
Time Resolution for simulation is 1ps
Compiling module xil_defaultlib.regfile
Compiling module xil_defaultlib.abl
Compiling module xil_defaultlib.abh
Compiling module xil_defaultlib.alu
Compiling module xil_defaultlib.microcode
Compiling module xil_defaultlib.ctl
Compiling module xil_defaultlib.cpu
Compiling module xil_defaultlib.rom
Compiling module xil_defaultlib.ram
Compiling module xil_defaultlib.mmio_controller
Compiling module xil_defaultlib.via
Compiling module xil_defaultlib.top
Compiling module xil_defaultlib.cpu_hello_tb
Compiling module xil_defaultlib.glbl
Built simulation snapshot cpu_hello_tb_behav
execute_script: Time (s): cpu = 00:00:06 ; elapsed = 00:00:06 . Memory (MB): peak = 6503.441 ; gain = 0.000 ; free physical = 4192 ; free virtual = 10004
INFO: [USF-XSim-69] 'elaborate' step finished in '6' seconds
INFO: [USF-XSim-4] XSim::Simulate design
INFO: [USF-XSim-61] Executing 'SIMULATE' step in '/home/steeve/projects/65c02-soc/vivado/65c02-soc.sim/sim_hello/behav/xsim'
INFO: [USF-XSim-98] *** Running xsim
   with args "cpu_hello_tb_behav -key {Behavioral:sim_hello:Functional:cpu_hello_tb} -tclbatch {cpu_hello_tb.tcl} -view {/home/steeve/projects/65c02-soc/vivado/65c02-soc.sim/sim_hello/cpu_hello_tb_behav.wcfg} -log {simulate.log}"
INFO: [USF-XSim-8] Loading simulator feature
Time resolution is 1 ps
open_wave_config /home/steeve/projects/65c02-soc/vivado/65c02-soc.sim/sim_hello/cpu_hello_tb_behav.wcfg
source cpu_hello_tb.tcl
# set curr_wave [current_wave_config]
# if { [string length $curr_wave] == 0 } {
#   if { [llength [get_objects]] > 0} {
#     add_wave /
#     set_property needs_save false [current_wave_config]
#   } else {
#      send_msg_id Add_Wave-1 WARNING "No top level signals found. Simulator will start without a wave window. If you want to open a wave window go to 'File->New Waveform Configuration' or type 'create_wave_config' in the TCL console."
#   }
# }
# run 50ms
run: Time (s): cpu = 00:00:50 ; elapsed = 00:01:02 . Memory (MB): peak = 6573.055 ; gain = 2.000 ; free physical = 3606 ; free virtual = 9962
xsim: Time (s): cpu = 00:01:00 ; elapsed = 00:01:06 . Memory (MB): peak = 6573.055 ; gain = 69.613 ; free physical = 3606 ; free virtual = 9962
INFO: [USF-XSim-96] XSim completed. Design snapshot 'cpu_hello_tb_behav' loaded.
INFO: [USF-XSim-97] XSim simulation ran for 50ms
launch_simulation: Time (s): cpu = 00:01:11 ; elapsed = 00:01:18 . Memory (MB): peak = 6573.055 ; gain = 71.055 ; free physical = 3606 ; free virtual = 9962
close_sim
INFO: xsimkernel Simulation Memory Usage: 111424 KB (Peak: 168696 KB), Simulation CPU Usage: 60700 ms
INFO: [Simtcl 6-16] Simulation closed
launch_simulation -simset [get_filesets sim_hello ]
Command: launch_simulation  -simset sim_hello
INFO: [Vivado 12-12493] Simulation top is 'cpu_hello_tb'
WARNING: [Vivado 12-13277] Compiled library path does not exist: ''
INFO: [Vivado 12-5698] Checking validity of IPs in the design for the 'XSim' simulator...
INFO: [Vivado 12-5682] Launching behavioral simulation in '/home/steeve/projects/65c02-soc/vivado/65c02-soc.sim/sim_hello/behav/xsim'
INFO: [Vivado 12-4795] Using compiled simulation libraries for IPs
INFO: [SIM-utils-51] Simulation object is 'sim_hello'
INFO: [SIM-utils-72] Using boost library from '/home/steeve/Xilinx/Vivado/2022.2/tps/boost_1_72_0'
INFO: [USF-XSim-7] Finding pre-compiled libraries...
INFO: [USF-XSim-11] File '/home/steeve/Xilinx/Vivado/2022.2/data/xsim/xsim.ini' copied to run dir:'/home/steeve/projects/65c02-soc/vivado/65c02-soc.sim/sim_hello/behav/xsim'
INFO: [SIM-utils-54] Inspecting design source files for 'cpu_hello_tb' in fileset 'sim_hello'...
INFO: [SIM-utils-43] Exported '/home/steeve/projects/65c02-soc/vivado/65c02-soc.sim/sim_hello/behav/xsim/hello.mem'
INFO: [SIM-utils-43] Exported '/home/steeve/projects/65c02-soc/vivado/65c02-soc.sim/sim_hello/behav/xsim/microcode.data'
INFO: [USF-XSim-97] Finding global include files...
INFO: [USF-XSim-98] Fetching design files from 'sim_hello'...
INFO: [USF-XSim-2] XSim::Compile design
INFO: [USF-XSim-61] Executing 'COMPILE and ANALYZE' step in '/home/steeve/projects/65c02-soc/vivado/65c02-soc.sim/sim_hello/behav/xsim'
xvlog --incr --relax -L uvm -prj cpu_hello_tb_vlog.prj
Waiting for jobs to finish...
No pending jobs, compilation finished.
INFO: [USF-XSim-69] 'compile' step finished in '4' seconds
INFO: [USF-XSim-3] XSim::Elaborate design
INFO: [USF-XSim-61] Executing 'ELABORATE' step in '/home/steeve/projects/65c02-soc/vivado/65c02-soc.sim/sim_hello/behav/xsim'
xelab --incr --debug typical --relax --mt 8 -L xil_defaultlib -L uvm -L unisims_ver -L unimacro_ver -L secureip -L xpm --snapshot cpu_hello_tb_behav xil_defaultlib.cpu_hello_tb xil_defaultlib.glbl -log elaborate.log
Vivado Simulator v2022.2
Copyright 1986-1999, 2001-2022 Xilinx, Inc. All Rights Reserved.
Running: /home/steeve/Xilinx/Vivado/2022.2/bin/unwrapped/lnx64.o/xelab --incr --debug typical --relax --mt 8 -L xil_defaultlib -L uvm -L unisims_ver -L unimacro_ver -L secureip -L xpm --snapshot cpu_hello_tb_behav xil_defaultlib.cpu_hello_tb xil_defaultlib.glbl -log elaborate.log 
Using 8 slave threads.
Starting static elaboration
Pass Through NonSizing Optimizer
Completed static elaboration
INFO: [XSIM 43-4323] No Change in HDL. Linking previously generated obj files to create kernel
INFO: [USF-XSim-69] 'elaborate' step finished in '3' seconds
INFO: [USF-XSim-4] XSim::Simulate design
INFO: [USF-XSim-61] Executing 'SIMULATE' step in '/home/steeve/projects/65c02-soc/vivado/65c02-soc.sim/sim_hello/behav/xsim'
INFO: [USF-XSim-98] *** Running xsim
   with args "cpu_hello_tb_behav -key {Behavioral:sim_hello:Functional:cpu_hello_tb} -tclbatch {cpu_hello_tb.tcl} -view {/home/steeve/projects/65c02-soc/vivado/65c02-soc.sim/sim_hello/cpu_hello_tb_behav.wcfg} -log {simulate.log}"
INFO: [USF-XSim-8] Loading simulator feature
Time resolution is 1 ps
open_wave_config /home/steeve/projects/65c02-soc/vivado/65c02-soc.sim/sim_hello/cpu_hello_tb_behav.wcfg
source cpu_hello_tb.tcl
# set curr_wave [current_wave_config]
# if { [string length $curr_wave] == 0 } {
#   if { [llength [get_objects]] > 0} {
#     add_wave /
#     set_property needs_save false [current_wave_config]
#   } else {
#      send_msg_id Add_Wave-1 WARNING "No top level signals found. Simulator will start without a wave window. If you want to open a wave window go to 'File->New Waveform Configuration' or type 'create_wave_config' in the TCL console."
#   }
# }
# run 50ms
run: Time (s): cpu = 00:00:48 ; elapsed = 00:01:01 . Memory (MB): peak = 6579.102 ; gain = 0.000 ; free physical = 3506 ; free virtual = 9865
xsim: Time (s): cpu = 00:00:52 ; elapsed = 00:01:05 . Memory (MB): peak = 6579.102 ; gain = 0.000 ; free physical = 3506 ; free virtual = 9865
INFO: [USF-XSim-96] XSim completed. Design snapshot 'cpu_hello_tb_behav' loaded.
INFO: [USF-XSim-97] XSim simulation ran for 50ms
launch_simulation: Time (s): cpu = 00:01:00 ; elapsed = 00:01:13 . Memory (MB): peak = 6579.102 ; gain = 0.000 ; free physical = 3506 ; free virtual = 9865
close_sim
INFO: xsimkernel Simulation Memory Usage: 111424 KB (Peak: 168696 KB), Simulation CPU Usage: 60760 ms
INFO: [Simtcl 6-16] Simulation closed
launch_simulation -simset [get_filesets sim_hello ]
Command: launch_simulation  -simset sim_hello
INFO: [Vivado 12-12493] Simulation top is 'cpu_hello_tb'
WARNING: [Vivado 12-13277] Compiled library path does not exist: ''
INFO: [Vivado 12-5698] Checking validity of IPs in the design for the 'XSim' simulator...
INFO: [Vivado 12-5682] Launching behavioral simulation in '/home/steeve/projects/65c02-soc/vivado/65c02-soc.sim/sim_hello/behav/xsim'
INFO: [Vivado 12-4795] Using compiled simulation libraries for IPs
INFO: [SIM-utils-51] Simulation object is 'sim_hello'
INFO: [SIM-utils-72] Using boost library from '/home/steeve/Xilinx/Vivado/2022.2/tps/boost_1_72_0'
INFO: [USF-XSim-7] Finding pre-compiled libraries...
INFO: [USF-XSim-11] File '/home/steeve/Xilinx/Vivado/2022.2/data/xsim/xsim.ini' copied to run dir:'/home/steeve/projects/65c02-soc/vivado/65c02-soc.sim/sim_hello/behav/xsim'
INFO: [SIM-utils-54] Inspecting design source files for 'cpu_hello_tb' in fileset 'sim_hello'...
INFO: [SIM-utils-43] Exported '/home/steeve/projects/65c02-soc/vivado/65c02-soc.sim/sim_hello/behav/xsim/hello.mem'
INFO: [SIM-utils-43] Exported '/home/steeve/projects/65c02-soc/vivado/65c02-soc.sim/sim_hello/behav/xsim/microcode.data'
INFO: [USF-XSim-97] Finding global include files...
INFO: [USF-XSim-98] Fetching design files from 'sim_hello'...
INFO: [USF-XSim-2] XSim::Compile design
INFO: [USF-XSim-61] Executing 'COMPILE and ANALYZE' step in '/home/steeve/projects/65c02-soc/vivado/65c02-soc.sim/sim_hello/behav/xsim'
xvlog --incr --relax -L uvm -prj cpu_hello_tb_vlog.prj
Waiting for jobs to finish...
No pending jobs, compilation finished.
INFO: [USF-XSim-69] 'compile' step finished in '4' seconds
INFO: [USF-XSim-3] XSim::Elaborate design
INFO: [USF-XSim-61] Executing 'ELABORATE' step in '/home/steeve/projects/65c02-soc/vivado/65c02-soc.sim/sim_hello/behav/xsim'
xelab --incr --debug typical --relax --mt 8 -L xil_defaultlib -L uvm -L unisims_ver -L unimacro_ver -L secureip -L xpm --snapshot cpu_hello_tb_behav xil_defaultlib.cpu_hello_tb xil_defaultlib.glbl -log elaborate.log
Vivado Simulator v2022.2
Copyright 1986-1999, 2001-2022 Xilinx, Inc. All Rights Reserved.
Running: /home/steeve/Xilinx/Vivado/2022.2/bin/unwrapped/lnx64.o/xelab --incr --debug typical --relax --mt 8 -L xil_defaultlib -L uvm -L unisims_ver -L unimacro_ver -L secureip -L xpm --snapshot cpu_hello_tb_behav xil_defaultlib.cpu_hello_tb xil_defaultlib.glbl -log elaborate.log 
Using 8 slave threads.
Starting static elaboration
Pass Through NonSizing Optimizer
Completed static elaboration
INFO: [XSIM 43-4323] No Change in HDL. Linking previously generated obj files to create kernel
INFO: [USF-XSim-69] 'elaborate' step finished in '3' seconds
INFO: [USF-XSim-4] XSim::Simulate design
INFO: [USF-XSim-61] Executing 'SIMULATE' step in '/home/steeve/projects/65c02-soc/vivado/65c02-soc.sim/sim_hello/behav/xsim'
INFO: [USF-XSim-98] *** Running xsim
   with args "cpu_hello_tb_behav -key {Behavioral:sim_hello:Functional:cpu_hello_tb} -tclbatch {cpu_hello_tb.tcl} -view {/home/steeve/projects/65c02-soc/vivado/65c02-soc.sim/sim_hello/cpu_hello_tb_behav.wcfg} -log {simulate.log}"
INFO: [USF-XSim-8] Loading simulator feature
Time resolution is 1 ps
open_wave_config /home/steeve/projects/65c02-soc/vivado/65c02-soc.sim/sim_hello/cpu_hello_tb_behav.wcfg
source cpu_hello_tb.tcl
# set curr_wave [current_wave_config]
# if { [string length $curr_wave] == 0 } {
#   if { [llength [get_objects]] > 0} {
#     add_wave /
#     set_property needs_save false [current_wave_config]
#   } else {
#      send_msg_id Add_Wave-1 WARNING "No top level signals found. Simulator will start without a wave window. If you want to open a wave window go to 'File->New Waveform Configuration' or type 'create_wave_config' in the TCL console."
#   }
# }
# run 50ms
run: Time (s): cpu = 00:00:47 ; elapsed = 00:01:05 . Memory (MB): peak = 6580.391 ; gain = 0.000 ; free physical = 3485 ; free virtual = 9865
xsim: Time (s): cpu = 00:00:52 ; elapsed = 00:01:09 . Memory (MB): peak = 6580.391 ; gain = 0.000 ; free physical = 3485 ; free virtual = 9865
INFO: [USF-XSim-96] XSim completed. Design snapshot 'cpu_hello_tb_behav' loaded.
INFO: [USF-XSim-97] XSim simulation ran for 50ms
launch_simulation: Time (s): cpu = 00:01:00 ; elapsed = 00:01:17 . Memory (MB): peak = 6580.391 ; gain = 0.000 ; free physical = 3485 ; free virtual = 9865
close_sim
INFO: xsimkernel Simulation Memory Usage: 111424 KB (Peak: 168696 KB), Simulation CPU Usage: 63920 ms
INFO: [Simtcl 6-16] Simulation closed
launch_simulation -simset [get_filesets sim_hello ]
Command: launch_simulation  -simset sim_hello
INFO: [Vivado 12-12493] Simulation top is 'cpu_hello_tb'
WARNING: [Vivado 12-13277] Compiled library path does not exist: ''
INFO: [Vivado 12-5698] Checking validity of IPs in the design for the 'XSim' simulator...
INFO: [Vivado 12-5682] Launching behavioral simulation in '/home/steeve/projects/65c02-soc/vivado/65c02-soc.sim/sim_hello/behav/xsim'
INFO: [Vivado 12-4795] Using compiled simulation libraries for IPs
INFO: [SIM-utils-51] Simulation object is 'sim_hello'
INFO: [SIM-utils-72] Using boost library from '/home/steeve/Xilinx/Vivado/2022.2/tps/boost_1_72_0'
INFO: [USF-XSim-7] Finding pre-compiled libraries...
INFO: [USF-XSim-11] File '/home/steeve/Xilinx/Vivado/2022.2/data/xsim/xsim.ini' copied to run dir:'/home/steeve/projects/65c02-soc/vivado/65c02-soc.sim/sim_hello/behav/xsim'
INFO: [SIM-utils-54] Inspecting design source files for 'cpu_hello_tb' in fileset 'sim_hello'...
INFO: [SIM-utils-43] Exported '/home/steeve/projects/65c02-soc/vivado/65c02-soc.sim/sim_hello/behav/xsim/hello.mem'
INFO: [SIM-utils-43] Exported '/home/steeve/projects/65c02-soc/vivado/65c02-soc.sim/sim_hello/behav/xsim/microcode.data'
INFO: [USF-XSim-97] Finding global include files...
INFO: [USF-XSim-98] Fetching design files from 'sim_hello'...
INFO: [USF-XSim-2] XSim::Compile design
INFO: [USF-XSim-61] Executing 'COMPILE and ANALYZE' step in '/home/steeve/projects/65c02-soc/vivado/65c02-soc.sim/sim_hello/behav/xsim'
xvlog --incr --relax -L uvm -prj cpu_hello_tb_vlog.prj
Waiting for jobs to finish...
No pending jobs, compilation finished.
INFO: [USF-XSim-69] 'compile' step finished in '3' seconds
INFO: [USF-XSim-3] XSim::Elaborate design
INFO: [USF-XSim-61] Executing 'ELABORATE' step in '/home/steeve/projects/65c02-soc/vivado/65c02-soc.sim/sim_hello/behav/xsim'
xelab --incr --debug typical --relax --mt 8 -L xil_defaultlib -L uvm -L unisims_ver -L unimacro_ver -L secureip -L xpm --snapshot cpu_hello_tb_behav xil_defaultlib.cpu_hello_tb xil_defaultlib.glbl -log elaborate.log
Vivado Simulator v2022.2
Copyright 1986-1999, 2001-2022 Xilinx, Inc. All Rights Reserved.
Running: /home/steeve/Xilinx/Vivado/2022.2/bin/unwrapped/lnx64.o/xelab --incr --debug typical --relax --mt 8 -L xil_defaultlib -L uvm -L unisims_ver -L unimacro_ver -L secureip -L xpm --snapshot cpu_hello_tb_behav xil_defaultlib.cpu_hello_tb xil_defaultlib.glbl -log elaborate.log 
Using 8 slave threads.
Starting static elaboration
Pass Through NonSizing Optimizer
Completed static elaboration
INFO: [XSIM 43-4323] No Change in HDL. Linking previously generated obj files to create kernel
INFO: [USF-XSim-69] 'elaborate' step finished in '3' seconds
INFO: [USF-XSim-4] XSim::Simulate design
INFO: [USF-XSim-61] Executing 'SIMULATE' step in '/home/steeve/projects/65c02-soc/vivado/65c02-soc.sim/sim_hello/behav/xsim'
INFO: [USF-XSim-98] *** Running xsim
   with args "cpu_hello_tb_behav -key {Behavioral:sim_hello:Functional:cpu_hello_tb} -tclbatch {cpu_hello_tb.tcl} -view {/home/steeve/projects/65c02-soc/vivado/65c02-soc.sim/sim_hello/cpu_hello_tb_behav.wcfg} -log {simulate.log}"
INFO: [USF-XSim-8] Loading simulator feature
Time resolution is 1 ps
open_wave_config /home/steeve/projects/65c02-soc/vivado/65c02-soc.sim/sim_hello/cpu_hello_tb_behav.wcfg
source cpu_hello_tb.tcl
# set curr_wave [current_wave_config]
# if { [string length $curr_wave] == 0 } {
#   if { [llength [get_objects]] > 0} {
#     add_wave /
#     set_property needs_save false [current_wave_config]
#   } else {
#      send_msg_id Add_Wave-1 WARNING "No top level signals found. Simulator will start without a wave window. If you want to open a wave window go to 'File->New Waveform Configuration' or type 'create_wave_config' in the TCL console."
#   }
# }
# run 50ms
run: Time (s): cpu = 00:00:47 ; elapsed = 00:01:01 . Memory (MB): peak = 6585.488 ; gain = 0.000 ; free physical = 3437 ; free virtual = 9851
xsim: Time (s): cpu = 00:00:50 ; elapsed = 00:01:04 . Memory (MB): peak = 6585.488 ; gain = 0.000 ; free physical = 3437 ; free virtual = 9851
INFO: [USF-XSim-96] XSim completed. Design snapshot 'cpu_hello_tb_behav' loaded.
INFO: [USF-XSim-97] XSim simulation ran for 50ms
launch_simulation: Time (s): cpu = 00:00:56 ; elapsed = 00:01:10 . Memory (MB): peak = 6585.488 ; gain = 0.000 ; free physical = 3437 ; free virtual = 9851
close_sim
INFO: xsimkernel Simulation Memory Usage: 111424 KB (Peak: 168696 KB), Simulation CPU Usage: 60180 ms
INFO: [Simtcl 6-16] Simulation closed
close_sim
INFO: [Simtcl 6-16] Simulation closed
reset_run synth_1
INFO: [Project 1-1161] Replacing file /home/steeve/projects/65c02-soc/vivado/65c02-soc.srcs/utils_1/imports/synth_1/top.dcp with file /home/steeve/projects/65c02-soc/vivado/65c02-soc.runs/synth_1/top_slow.dcp
launch_runs synth_1 -jobs 2
[Wed Jul 24 11:36:06 2024] Launched synth_1...
Run output will be captured here: /home/steeve/projects/65c02-soc/vivado/65c02-soc.runs/synth_1/runme.log
launch_runs impl_1 -to_step write_bitstream -jobs 2
[Wed Jul 24 11:38:09 2024] Launched impl_1...
Run output will be captured here: /home/steeve/projects/65c02-soc/vivado/65c02-soc.runs/impl_1/runme.log
